<?xml version="1.0" encoding="UTF-8"?>
<testsuite name="patterns.decorator.util.CollectionsTest" tests="1" skipped="0" failures="0" errors="0" timestamp="2020-11-17T09:51:59" hostname="DESKTOP-RGFEVDA" time="0.002">
  <properties/>
  <testcase name="testView2" classname="patterns.decorator.util.CollectionsTest" time="0.002"/>
  <system-out><![CDATA[]]></system-out>
  <system-err><![CDATA[]]></system-err>
</testsuite>
